mod_parameter.f90:
mod_setPoI.f90:
mod_policy_params.f90:
mod_ageshifter.f90:
mod_computepia.f90:
mod_JP_pension.f90:
mod_pension.f90:
mod_makegrids.f90:
mod_sprob.f90:
mod_profwage.f90:
mod_health_mortality.f90:
mod_utility.f90:
mod_computelaborincome.f90:
mod_computeaftertaxincome.f90:
mod_AIME_params.f90:
mod_computeAIME.f90:
mod_getadj.f90:
mod_ass.f90:
mod_interp.f90:
mod_integral.f90:
mod_workval0.f90:
mod_workval1.f90:
mod_computeval0.f90:
mod_computeval1.f90:
mod_optmum3_gsearch.f90:
mod_optmum2.f90:
mod_optmum1.f90:
mod_optmum0.f90:
mod_simulation_prof.f90:
mod_decrule.f90:
mod_condmean.f90:
mod_readmom.f90:
mod_initialdist.f90:
mod_doquant.f90:
mod_gmm.f90:
mod_NAG_pd_sym_inverse.f90:
mod_NAG_min.f90:
main_run.f90:
FIO-F-225/list-directed read/unit=43/lexical error-- unknown token type.
 File name = 'JP_moments/JP_weight_data.csv',    formatted, sequential access   record = 1
 In source file mod_readmom.f90, at line number 331
